[debug] [2023-08-17T16:33:56.605Z] ----------------------------------------------------------------------
[debug] [2023-08-17T16:33:56.608Z] Command:       F:\NodeJs\node.exe C:\Users\Dell\AppData\Roaming\npm\node_modules\firebase-tools\lib\bin\firebase.js init
[debug] [2023-08-17T16:33:56.608Z] CLI Version:   12.4.8
[debug] [2023-08-17T16:33:56.609Z] Platform:      win32
[debug] [2023-08-17T16:33:56.609Z] Node Version:  v18.12.1
[debug] [2023-08-17T16:33:56.610Z] Time:          Thu Aug 17 2023 21:33:56 GMT+0500 (Pakistan Standard Time)
[debug] [2023-08-17T16:33:56.611Z] ----------------------------------------------------------------------
[debug] 
[debug] [2023-08-17T16:33:56.622Z] > command requires scopes: ["email","openid","https://www.googleapis.com/auth/cloudplatformprojects.readonly","https://www.googleapis.com/auth/firebase","https://www.googleapis.com/auth/cloud-platform"]
[debug] [2023-08-17T16:33:56.622Z] > authorizing via signed-in user (tabindanoor415@gmail.com)
[info] 
     ######## #### ########  ######## ########     ###     ######  ########
     ##        ##  ##     ## ##       ##     ##  ##   ##  ##       ##
     ######    ##  ########  ######   ########  #########  ######  ######
     ##        ##  ##    ##  ##       ##     ## ##     ##       ## ##
     ##       #### ##     ## ######## ########  ##     ##  ######  ########

You're about to initialize a Firebase project in this directory:

  F:\work\TailWind CSS\firebase-todo

[info] 
=== Project Setup
[info] 
[info] First, let's associate this project directory with a Firebase project.
[info] You can create multiple project aliases by running firebase use --add, 
[info] but for now we'll just set up a default project.
[info] 
[debug] [2023-08-17T16:34:18.284Z] > refreshing access token with scopes: []
[debug] [2023-08-17T16:34:18.289Z] >>> [apiv2][query] POST https://www.googleapis.com/oauth2/v3/token [none]
[debug] [2023-08-17T16:34:18.289Z] >>> [apiv2][body] POST https://www.googleapis.com/oauth2/v3/token [omitted]
[debug] [2023-08-17T16:34:31.953Z] <<< [apiv2][status] POST https://www.googleapis.com/oauth2/v3/token 200
[debug] [2023-08-17T16:34:31.953Z] <<< [apiv2][body] POST https://www.googleapis.com/oauth2/v3/token [omitted]
[debug] [2023-08-17T16:34:32.010Z] >>> [apiv2][query] GET https://firebase.googleapis.com/v1beta1/projects pageSize=100
[debug] [2023-08-17T16:34:35.886Z] <<< [apiv2][status] GET https://firebase.googleapis.com/v1beta1/projects 200
[debug] [2023-08-17T16:34:35.886Z] <<< [apiv2][body] GET https://firebase.googleapis.com/v1beta1/projects [omitted]
[info] i  Using project api-form-92af0 (Api-form) 
[info] 
=== Hosting:github Setup
[debug] [2023-08-17T16:34:40.998Z] Error: Timed out.
    at Timeout._onTimeout (C:\Users\Dell\AppData\Roaming\npm\node_modules\firebase-tools\lib\utils.js:254:49)
    at listOnTimeout (node:internal/timers:564:17)
    at process.processTimers (node:internal/timers:507:7)
[error] 
[error] Error: An unexpected error has occurred.
